<?xml version="1.0" encoding="UTF-8"?>
<testsuite xmlns:xsi="http://www.w3.org/2001/XMLSchema-instance" xsi:noNamespaceSchemaLocation="https://maven.apache.org/surefire/maven-surefire-plugin/xsd/surefire-test-report.xsd" version="3.0.2" name="com.example.scraper.controller.OperatorControllerTest" time="6.5" tests="5" errors="0" skipped="0" failures="2">
  <properties>
    <property name="java.specification.version" value="21"/>
    <property name="sun.jnu.encoding" value="UTF-8"/>
    <property name="java.class.path" value="/home/romulogurgeldev/Projects/ans-data-processing/backend/target/test-classes:/home/romulogurgeldev/Projects/ans-data-processing/backend/target/classes:/home/romulogurgeldev/.m2/repository/org/springframework/boot/spring-boot-starter-actuator/3.4.4/spring-boot-starter-actuator-3.4.4.jar:/home/romulogurgeldev/.m2/repository/org/springframework/boot/spring-boot-starter/3.4.4/spring-boot-starter-3.4.4.jar:/home/romulogurgeldev/.m2/repository/org/springframework/boot/spring-boot/3.4.4/spring-boot-3.4.4.jar:/home/romulogurgeldev/.m2/repository/org/springframework/boot/spring-boot-autoconfigure/3.4.4/spring-boot-autoconfigure-3.4.4.jar:/home/romulogurgeldev/.m2/repository/org/springframework/boot/spring-boot-starter-logging/3.4.4/spring-boot-starter-logging-3.4.4.jar:/home/romulogurgeldev/.m2/repository/ch/qos/logback/logback-classic/1.5.18/logback-classic-1.5.18.jar:/home/romulogurgeldev/.m2/repository/ch/qos/logback/logback-core/1.5.18/logback-core-1.5.18.jar:/home/romulogurgeldev/.m2/repository/org/apache/logging/log4j/log4j-to-slf4j/2.24.3/log4j-to-slf4j-2.24.3.jar:/home/romulogurgeldev/.m2/repository/org/apache/logging/log4j/log4j-api/2.24.3/log4j-api-2.24.3.jar:/home/romulogurgeldev/.m2/repository/org/slf4j/jul-to-slf4j/2.0.17/jul-to-slf4j-2.0.17.jar:/home/romulogurgeldev/.m2/repository/jakarta/annotation/jakarta.annotation-api/2.1.1/jakarta.annotation-api-2.1.1.jar:/home/romulogurgeldev/.m2/repository/org/yaml/snakeyaml/2.3/snakeyaml-2.3.jar:/home/romulogurgeldev/.m2/repository/org/springframework/boot/spring-boot-actuator-autoconfigure/3.4.4/spring-boot-actuator-autoconfigure-3.4.4.jar:/home/romulogurgeldev/.m2/repository/org/springframework/boot/spring-boot-actuator/3.4.4/spring-boot-actuator-3.4.4.jar:/home/romulogurgeldev/.m2/repository/com/fasterxml/jackson/core/jackson-databind/2.18.3/jackson-databind-2.18.3.jar:/home/romulogurgeldev/.m2/repository/com/fasterxml/jackson/core/jackson-annotations/2.18.3/jackson-annotations-2.18.3.jar:/home/romulogurgeldev/.m2/repository/com/fasterxml/jackson/datatype/jackson-datatype-jsr310/2.18.3/jackson-datatype-jsr310-2.18.3.jar:/home/romulogurgeldev/.m2/repository/io/micrometer/micrometer-observation/1.14.5/micrometer-observation-1.14.5.jar:/home/romulogurgeldev/.m2/repository/io/micrometer/micrometer-commons/1.14.5/micrometer-commons-1.14.5.jar:/home/romulogurgeldev/.m2/repository/io/micrometer/micrometer-jakarta9/1.14.5/micrometer-jakarta9-1.14.5.jar:/home/romulogurgeldev/.m2/repository/io/micrometer/micrometer-core/1.14.5/micrometer-core-1.14.5.jar:/home/romulogurgeldev/.m2/repository/org/hdrhistogram/HdrHistogram/2.2.2/HdrHistogram-2.2.2.jar:/home/romulogurgeldev/.m2/repository/org/latencyutils/LatencyUtils/2.0.3/LatencyUtils-2.0.3.jar:/home/romulogurgeldev/.m2/repository/org/springframework/boot/spring-boot-starter-data-jpa/3.4.4/spring-boot-starter-data-jpa-3.4.4.jar:/home/romulogurgeldev/.m2/repository/org/springframework/boot/spring-boot-starter-jdbc/3.4.4/spring-boot-starter-jdbc-3.4.4.jar:/home/romulogurgeldev/.m2/repository/com/zaxxer/HikariCP/5.1.0/HikariCP-5.1.0.jar:/home/romulogurgeldev/.m2/repository/org/springframework/spring-jdbc/6.2.5/spring-jdbc-6.2.5.jar:/home/romulogurgeldev/.m2/repository/org/hibernate/orm/hibernate-core/6.6.11.Final/hibernate-core-6.6.11.Final.jar:/home/romulogurgeldev/.m2/repository/jakarta/persistence/jakarta.persistence-api/3.1.0/jakarta.persistence-api-3.1.0.jar:/home/romulogurgeldev/.m2/repository/jakarta/transaction/jakarta.transaction-api/2.0.1/jakarta.transaction-api-2.0.1.jar:/home/romulogurgeldev/.m2/repository/org/hibernate/common/hibernate-commons-annotations/7.0.3.Final/hibernate-commons-annotations-7.0.3.Final.jar:/home/romulogurgeldev/.m2/repository/io/smallrye/jandex/3.2.0/jandex-3.2.0.jar:/home/romulogurgeldev/.m2/repository/net/bytebuddy/byte-buddy/1.15.11/byte-buddy-1.15.11.jar:/home/romulogurgeldev/.m2/repository/org/glassfish/jaxb/jaxb-runtime/4.0.5/jaxb-runtime-4.0.5.jar:/home/romulogurgeldev/.m2/repository/org/glassfish/jaxb/jaxb-core/4.0.5/jaxb-core-4.0.5.jar:/home/romulogurgeldev/.m2/repository/org/eclipse/angus/angus-activation/2.0.2/angus-activation-2.0.2.jar:/home/romulogurgeldev/.m2/repository/org/glassfish/jaxb/txw2/4.0.5/txw2-4.0.5.jar:/home/romulogurgeldev/.m2/repository/com/sun/istack/istack-commons-runtime/4.1.2/istack-commons-runtime-4.1.2.jar:/home/romulogurgeldev/.m2/repository/jakarta/inject/jakarta.inject-api/2.0.1/jakarta.inject-api-2.0.1.jar:/home/romulogurgeldev/.m2/repository/org/antlr/antlr4-runtime/4.13.0/antlr4-runtime-4.13.0.jar:/home/romulogurgeldev/.m2/repository/org/springframework/data/spring-data-jpa/3.4.4/spring-data-jpa-3.4.4.jar:/home/romulogurgeldev/.m2/repository/org/springframework/data/spring-data-commons/3.4.4/spring-data-commons-3.4.4.jar:/home/romulogurgeldev/.m2/repository/org/springframework/spring-orm/6.2.5/spring-orm-6.2.5.jar:/home/romulogurgeldev/.m2/repository/org/springframework/spring-context/6.2.5/spring-context-6.2.5.jar:/home/romulogurgeldev/.m2/repository/org/springframework/spring-aop/6.2.5/spring-aop-6.2.5.jar:/home/romulogurgeldev/.m2/repository/org/springframework/spring-tx/6.2.5/spring-tx-6.2.5.jar:/home/romulogurgeldev/.m2/repository/org/springframework/spring-beans/6.2.5/spring-beans-6.2.5.jar:/home/romulogurgeldev/.m2/repository/org/slf4j/slf4j-api/2.0.17/slf4j-api-2.0.17.jar:/home/romulogurgeldev/.m2/repository/org/springframework/spring-aspects/6.2.5/spring-aspects-6.2.5.jar:/home/romulogurgeldev/.m2/repository/org/aspectj/aspectjweaver/1.9.23/aspectjweaver-1.9.23.jar:/home/romulogurgeldev/.m2/repository/org/springframework/boot/spring-boot-starter-web/3.4.4/spring-boot-starter-web-3.4.4.jar:/home/romulogurgeldev/.m2/repository/org/springframework/boot/spring-boot-starter-json/3.4.4/spring-boot-starter-json-3.4.4.jar:/home/romulogurgeldev/.m2/repository/com/fasterxml/jackson/datatype/jackson-datatype-jdk8/2.18.3/jackson-datatype-jdk8-2.18.3.jar:/home/romulogurgeldev/.m2/repository/com/fasterxml/jackson/module/jackson-module-parameter-names/2.18.3/jackson-module-parameter-names-2.18.3.jar:/home/romulogurgeldev/.m2/repository/org/springframework/boot/spring-boot-starter-tomcat/3.4.4/spring-boot-starter-tomcat-3.4.4.jar:/home/romulogurgeldev/.m2/repository/org/apache/tomcat/embed/tomcat-embed-core/10.1.39/tomcat-embed-core-10.1.39.jar:/home/romulogurgeldev/.m2/repository/org/apache/tomcat/embed/tomcat-embed-el/10.1.39/tomcat-embed-el-10.1.39.jar:/home/romulogurgeldev/.m2/repository/org/apache/tomcat/embed/tomcat-embed-websocket/10.1.39/tomcat-embed-websocket-10.1.39.jar:/home/romulogurgeldev/.m2/repository/org/springframework/spring-web/6.2.5/spring-web-6.2.5.jar:/home/romulogurgeldev/.m2/repository/org/springframework/spring-webmvc/6.2.5/spring-webmvc-6.2.5.jar:/home/romulogurgeldev/.m2/repository/org/springframework/spring-expression/6.2.5/spring-expression-6.2.5.jar:/home/romulogurgeldev/.m2/repository/org/postgresql/postgresql/42.7.5/postgresql-42.7.5.jar:/home/romulogurgeldev/.m2/repository/org/checkerframework/checker-qual/3.48.3/checker-qual-3.48.3.jar:/home/romulogurgeldev/.m2/repository/org/springframework/boot/spring-boot-configuration-processor/3.4.4/spring-boot-configuration-processor-3.4.4.jar:/home/romulogurgeldev/.m2/repository/org/projectlombok/lombok/1.18.36/lombok-1.18.36.jar:/home/romulogurgeldev/.m2/repository/org/jsoup/jsoup/1.15.3/jsoup-1.15.3.jar:/home/romulogurgeldev/.m2/repository/org/apache/pdfbox/pdfbox/2.0.27/pdfbox-2.0.27.jar:/home/romulogurgeldev/.m2/repository/org/apache/pdfbox/fontbox/2.0.27/fontbox-2.0.27.jar:/home/romulogurgeldev/.m2/repository/commons-logging/commons-logging/1.2/commons-logging-1.2.jar:/home/romulogurgeldev/.m2/repository/org/apache/commons/commons-compress/1.21/commons-compress-1.21.jar:/home/romulogurgeldev/.m2/repository/org/springdoc/springdoc-openapi-ui/1.6.14/springdoc-openapi-ui-1.6.14.jar:/home/romulogurgeldev/.m2/repository/org/springdoc/springdoc-openapi-webmvc-core/1.6.14/springdoc-openapi-webmvc-core-1.6.14.jar:/home/romulogurgeldev/.m2/repository/org/springdoc/springdoc-openapi-common/1.6.14/springdoc-openapi-common-1.6.14.jar:/home/romulogurgeldev/.m2/repository/io/swagger/core/v3/swagger-core/2.2.7/swagger-core-2.2.7.jar:/home/romulogurgeldev/.m2/repository/org/apache/commons/commons-lang3/3.17.0/commons-lang3-3.17.0.jar:/home/romulogurgeldev/.m2/repository/com/fasterxml/jackson/dataformat/jackson-dataformat-yaml/2.18.3/jackson-dataformat-yaml-2.18.3.jar:/home/romulogurgeldev/.m2/repository/io/swagger/core/v3/swagger-annotations/2.2.7/swagger-annotations-2.2.7.jar:/home/romulogurgeldev/.m2/repository/io/swagger/core/v3/swagger-models/2.2.7/swagger-models-2.2.7.jar:/home/romulogurgeldev/.m2/repository/org/webjars/swagger-ui/4.15.5/swagger-ui-4.15.5.jar:/home/romulogurgeldev/.m2/repository/org/webjars/webjars-locator-core/0.59/webjars-locator-core-0.59.jar:/home/romulogurgeldev/.m2/repository/com/fasterxml/jackson/core/jackson-core/2.18.3/jackson-core-2.18.3.jar:/home/romulogurgeldev/.m2/repository/io/github/classgraph/classgraph/4.8.149/classgraph-4.8.149.jar:/home/romulogurgeldev/.m2/repository/org/springframework/boot/spring-boot-starter-test/3.4.4/spring-boot-starter-test-3.4.4.jar:/home/romulogurgeldev/.m2/repository/org/springframework/boot/spring-boot-test/3.4.4/spring-boot-test-3.4.4.jar:/home/romulogurgeldev/.m2/repository/org/springframework/boot/spring-boot-test-autoconfigure/3.4.4/spring-boot-test-autoconfigure-3.4.4.jar:/home/romulogurgeldev/.m2/repository/com/jayway/jsonpath/json-path/2.9.0/json-path-2.9.0.jar:/home/romulogurgeldev/.m2/repository/jakarta/xml/bind/jakarta.xml.bind-api/4.0.2/jakarta.xml.bind-api-4.0.2.jar:/home/romulogurgeldev/.m2/repository/jakarta/activation/jakarta.activation-api/2.1.3/jakarta.activation-api-2.1.3.jar:/home/romulogurgeldev/.m2/repository/net/minidev/json-smart/2.5.2/json-smart-2.5.2.jar:/home/romulogurgeldev/.m2/repository/net/minidev/accessors-smart/2.5.2/accessors-smart-2.5.2.jar:/home/romulogurgeldev/.m2/repository/org/ow2/asm/asm/9.7.1/asm-9.7.1.jar:/home/romulogurgeldev/.m2/repository/org/assertj/assertj-core/3.26.3/assertj-core-3.26.3.jar:/home/romulogurgeldev/.m2/repository/org/awaitility/awaitility/4.2.2/awaitility-4.2.2.jar:/home/romulogurgeldev/.m2/repository/org/hamcrest/hamcrest/2.2/hamcrest-2.2.jar:/home/romulogurgeldev/.m2/repository/org/junit/jupiter/junit-jupiter/5.11.4/junit-jupiter-5.11.4.jar:/home/romulogurgeldev/.m2/repository/org/junit/jupiter/junit-jupiter-api/5.11.4/junit-jupiter-api-5.11.4.jar:/home/romulogurgeldev/.m2/repository/org/opentest4j/opentest4j/1.3.0/opentest4j-1.3.0.jar:/home/romulogurgeldev/.m2/repository/org/junit/platform/junit-platform-commons/1.11.4/junit-platform-commons-1.11.4.jar:/home/romulogurgeldev/.m2/repository/org/apiguardian/apiguardian-api/1.1.2/apiguardian-api-1.1.2.jar:/home/romulogurgeldev/.m2/repository/org/junit/jupiter/junit-jupiter-params/5.11.4/junit-jupiter-params-5.11.4.jar:/home/romulogurgeldev/.m2/repository/org/junit/jupiter/junit-jupiter-engine/5.11.4/junit-jupiter-engine-5.11.4.jar:/home/romulogurgeldev/.m2/repository/org/junit/platform/junit-platform-engine/1.11.4/junit-platform-engine-1.11.4.jar:/home/romulogurgeldev/.m2/repository/org/mockito/mockito-core/5.14.2/mockito-core-5.14.2.jar:/home/romulogurgeldev/.m2/repository/net/bytebuddy/byte-buddy-agent/1.15.11/byte-buddy-agent-1.15.11.jar:/home/romulogurgeldev/.m2/repository/org/objenesis/objenesis/3.3/objenesis-3.3.jar:/home/romulogurgeldev/.m2/repository/org/mockito/mockito-junit-jupiter/5.14.2/mockito-junit-jupiter-5.14.2.jar:/home/romulogurgeldev/.m2/repository/org/skyscreamer/jsonassert/1.5.3/jsonassert-1.5.3.jar:/home/romulogurgeldev/.m2/repository/com/vaadin/external/google/android-json/0.0.20131108.vaadin1/android-json-0.0.20131108.vaadin1.jar:/home/romulogurgeldev/.m2/repository/org/springframework/spring-core/6.2.5/spring-core-6.2.5.jar:/home/romulogurgeldev/.m2/repository/org/springframework/spring-jcl/6.2.5/spring-jcl-6.2.5.jar:/home/romulogurgeldev/.m2/repository/org/springframework/spring-test/6.2.5/spring-test-6.2.5.jar:/home/romulogurgeldev/.m2/repository/org/xmlunit/xmlunit-core/2.10.0/xmlunit-core-2.10.0.jar:/home/romulogurgeldev/.m2/repository/org/hibernate/validator/hibernate-validator/6.2.0.Final/hibernate-validator-6.2.0.Final.jar:/home/romulogurgeldev/.m2/repository/jakarta/validation/jakarta.validation-api/3.0.2/jakarta.validation-api-3.0.2.jar:/home/romulogurgeldev/.m2/repository/org/jboss/logging/jboss-logging/3.6.1.Final/jboss-logging-3.6.1.Final.jar:/home/romulogurgeldev/.m2/repository/com/fasterxml/classmate/1.7.0/classmate-1.7.0.jar:"/>
    <property name="java.vm.vendor" value="Ubuntu"/>
    <property name="sun.arch.data.model" value="64"/>
    <property name="java.vendor.url" value="https://ubuntu.com/"/>
    <property name="user.timezone" value="America/Fortaleza"/>
    <property name="org.jboss.logging.provider" value="slf4j"/>
    <property name="os.name" value="Linux"/>
    <property name="java.vm.specification.version" value="21"/>
    <property name="APPLICATION_NAME" value="ans-data-processing"/>
    <property name="sun.java.launcher" value="SUN_STANDARD"/>
    <property name="user.country" value="BR"/>
    <property name="sun.boot.library.path" value="/usr/lib/jvm/java-21-openjdk-amd64/lib"/>
    <property name="sun.java.command" value="/home/romulogurgeldev/Projects/ans-data-processing/backend/target/surefire/surefirebooter-20250401112257277_3.jar /home/romulogurgeldev/Projects/ans-data-processing/backend/target/surefire 2025-04-01T11-22-56_911-jvmRun1 surefire-20250401112257277_1tmp surefire_0-20250401112257277_2tmp"/>
    <property name="jdk.debug" value="release"/>
    <property name="surefire.test.class.path" value="/home/romulogurgeldev/Projects/ans-data-processing/backend/target/test-classes:/home/romulogurgeldev/Projects/ans-data-processing/backend/target/classes:/home/romulogurgeldev/.m2/repository/org/springframework/boot/spring-boot-starter-actuator/3.4.4/spring-boot-starter-actuator-3.4.4.jar:/home/romulogurgeldev/.m2/repository/org/springframework/boot/spring-boot-starter/3.4.4/spring-boot-starter-3.4.4.jar:/home/romulogurgeldev/.m2/repository/org/springframework/boot/spring-boot/3.4.4/spring-boot-3.4.4.jar:/home/romulogurgeldev/.m2/repository/org/springframework/boot/spring-boot-autoconfigure/3.4.4/spring-boot-autoconfigure-3.4.4.jar:/home/romulogurgeldev/.m2/repository/org/springframework/boot/spring-boot-starter-logging/3.4.4/spring-boot-starter-logging-3.4.4.jar:/home/romulogurgeldev/.m2/repository/ch/qos/logback/logback-classic/1.5.18/logback-classic-1.5.18.jar:/home/romulogurgeldev/.m2/repository/ch/qos/logback/logback-core/1.5.18/logback-core-1.5.18.jar:/home/romulogurgeldev/.m2/repository/org/apache/logging/log4j/log4j-to-slf4j/2.24.3/log4j-to-slf4j-2.24.3.jar:/home/romulogurgeldev/.m2/repository/org/apache/logging/log4j/log4j-api/2.24.3/log4j-api-2.24.3.jar:/home/romulogurgeldev/.m2/repository/org/slf4j/jul-to-slf4j/2.0.17/jul-to-slf4j-2.0.17.jar:/home/romulogurgeldev/.m2/repository/jakarta/annotation/jakarta.annotation-api/2.1.1/jakarta.annotation-api-2.1.1.jar:/home/romulogurgeldev/.m2/repository/org/yaml/snakeyaml/2.3/snakeyaml-2.3.jar:/home/romulogurgeldev/.m2/repository/org/springframework/boot/spring-boot-actuator-autoconfigure/3.4.4/spring-boot-actuator-autoconfigure-3.4.4.jar:/home/romulogurgeldev/.m2/repository/org/springframework/boot/spring-boot-actuator/3.4.4/spring-boot-actuator-3.4.4.jar:/home/romulogurgeldev/.m2/repository/com/fasterxml/jackson/core/jackson-databind/2.18.3/jackson-databind-2.18.3.jar:/home/romulogurgeldev/.m2/repository/com/fasterxml/jackson/core/jackson-annotations/2.18.3/jackson-annotations-2.18.3.jar:/home/romulogurgeldev/.m2/repository/com/fasterxml/jackson/datatype/jackson-datatype-jsr310/2.18.3/jackson-datatype-jsr310-2.18.3.jar:/home/romulogurgeldev/.m2/repository/io/micrometer/micrometer-observation/1.14.5/micrometer-observation-1.14.5.jar:/home/romulogurgeldev/.m2/repository/io/micrometer/micrometer-commons/1.14.5/micrometer-commons-1.14.5.jar:/home/romulogurgeldev/.m2/repository/io/micrometer/micrometer-jakarta9/1.14.5/micrometer-jakarta9-1.14.5.jar:/home/romulogurgeldev/.m2/repository/io/micrometer/micrometer-core/1.14.5/micrometer-core-1.14.5.jar:/home/romulogurgeldev/.m2/repository/org/hdrhistogram/HdrHistogram/2.2.2/HdrHistogram-2.2.2.jar:/home/romulogurgeldev/.m2/repository/org/latencyutils/LatencyUtils/2.0.3/LatencyUtils-2.0.3.jar:/home/romulogurgeldev/.m2/repository/org/springframework/boot/spring-boot-starter-data-jpa/3.4.4/spring-boot-starter-data-jpa-3.4.4.jar:/home/romulogurgeldev/.m2/repository/org/springframework/boot/spring-boot-starter-jdbc/3.4.4/spring-boot-starter-jdbc-3.4.4.jar:/home/romulogurgeldev/.m2/repository/com/zaxxer/HikariCP/5.1.0/HikariCP-5.1.0.jar:/home/romulogurgeldev/.m2/repository/org/springframework/spring-jdbc/6.2.5/spring-jdbc-6.2.5.jar:/home/romulogurgeldev/.m2/repository/org/hibernate/orm/hibernate-core/6.6.11.Final/hibernate-core-6.6.11.Final.jar:/home/romulogurgeldev/.m2/repository/jakarta/persistence/jakarta.persistence-api/3.1.0/jakarta.persistence-api-3.1.0.jar:/home/romulogurgeldev/.m2/repository/jakarta/transaction/jakarta.transaction-api/2.0.1/jakarta.transaction-api-2.0.1.jar:/home/romulogurgeldev/.m2/repository/org/hibernate/common/hibernate-commons-annotations/7.0.3.Final/hibernate-commons-annotations-7.0.3.Final.jar:/home/romulogurgeldev/.m2/repository/io/smallrye/jandex/3.2.0/jandex-3.2.0.jar:/home/romulogurgeldev/.m2/repository/net/bytebuddy/byte-buddy/1.15.11/byte-buddy-1.15.11.jar:/home/romulogurgeldev/.m2/repository/org/glassfish/jaxb/jaxb-runtime/4.0.5/jaxb-runtime-4.0.5.jar:/home/romulogurgeldev/.m2/repository/org/glassfish/jaxb/jaxb-core/4.0.5/jaxb-core-4.0.5.jar:/home/romulogurgeldev/.m2/repository/org/eclipse/angus/angus-activation/2.0.2/angus-activation-2.0.2.jar:/home/romulogurgeldev/.m2/repository/org/glassfish/jaxb/txw2/4.0.5/txw2-4.0.5.jar:/home/romulogurgeldev/.m2/repository/com/sun/istack/istack-commons-runtime/4.1.2/istack-commons-runtime-4.1.2.jar:/home/romulogurgeldev/.m2/repository/jakarta/inject/jakarta.inject-api/2.0.1/jakarta.inject-api-2.0.1.jar:/home/romulogurgeldev/.m2/repository/org/antlr/antlr4-runtime/4.13.0/antlr4-runtime-4.13.0.jar:/home/romulogurgeldev/.m2/repository/org/springframework/data/spring-data-jpa/3.4.4/spring-data-jpa-3.4.4.jar:/home/romulogurgeldev/.m2/repository/org/springframework/data/spring-data-commons/3.4.4/spring-data-commons-3.4.4.jar:/home/romulogurgeldev/.m2/repository/org/springframework/spring-orm/6.2.5/spring-orm-6.2.5.jar:/home/romulogurgeldev/.m2/repository/org/springframework/spring-context/6.2.5/spring-context-6.2.5.jar:/home/romulogurgeldev/.m2/repository/org/springframework/spring-aop/6.2.5/spring-aop-6.2.5.jar:/home/romulogurgeldev/.m2/repository/org/springframework/spring-tx/6.2.5/spring-tx-6.2.5.jar:/home/romulogurgeldev/.m2/repository/org/springframework/spring-beans/6.2.5/spring-beans-6.2.5.jar:/home/romulogurgeldev/.m2/repository/org/slf4j/slf4j-api/2.0.17/slf4j-api-2.0.17.jar:/home/romulogurgeldev/.m2/repository/org/springframework/spring-aspects/6.2.5/spring-aspects-6.2.5.jar:/home/romulogurgeldev/.m2/repository/org/aspectj/aspectjweaver/1.9.23/aspectjweaver-1.9.23.jar:/home/romulogurgeldev/.m2/repository/org/springframework/boot/spring-boot-starter-web/3.4.4/spring-boot-starter-web-3.4.4.jar:/home/romulogurgeldev/.m2/repository/org/springframework/boot/spring-boot-starter-json/3.4.4/spring-boot-starter-json-3.4.4.jar:/home/romulogurgeldev/.m2/repository/com/fasterxml/jackson/datatype/jackson-datatype-jdk8/2.18.3/jackson-datatype-jdk8-2.18.3.jar:/home/romulogurgeldev/.m2/repository/com/fasterxml/jackson/module/jackson-module-parameter-names/2.18.3/jackson-module-parameter-names-2.18.3.jar:/home/romulogurgeldev/.m2/repository/org/springframework/boot/spring-boot-starter-tomcat/3.4.4/spring-boot-starter-tomcat-3.4.4.jar:/home/romulogurgeldev/.m2/repository/org/apache/tomcat/embed/tomcat-embed-core/10.1.39/tomcat-embed-core-10.1.39.jar:/home/romulogurgeldev/.m2/repository/org/apache/tomcat/embed/tomcat-embed-el/10.1.39/tomcat-embed-el-10.1.39.jar:/home/romulogurgeldev/.m2/repository/org/apache/tomcat/embed/tomcat-embed-websocket/10.1.39/tomcat-embed-websocket-10.1.39.jar:/home/romulogurgeldev/.m2/repository/org/springframework/spring-web/6.2.5/spring-web-6.2.5.jar:/home/romulogurgeldev/.m2/repository/org/springframework/spring-webmvc/6.2.5/spring-webmvc-6.2.5.jar:/home/romulogurgeldev/.m2/repository/org/springframework/spring-expression/6.2.5/spring-expression-6.2.5.jar:/home/romulogurgeldev/.m2/repository/org/postgresql/postgresql/42.7.5/postgresql-42.7.5.jar:/home/romulogurgeldev/.m2/repository/org/checkerframework/checker-qual/3.48.3/checker-qual-3.48.3.jar:/home/romulogurgeldev/.m2/repository/org/springframework/boot/spring-boot-configuration-processor/3.4.4/spring-boot-configuration-processor-3.4.4.jar:/home/romulogurgeldev/.m2/repository/org/projectlombok/lombok/1.18.36/lombok-1.18.36.jar:/home/romulogurgeldev/.m2/repository/org/jsoup/jsoup/1.15.3/jsoup-1.15.3.jar:/home/romulogurgeldev/.m2/repository/org/apache/pdfbox/pdfbox/2.0.27/pdfbox-2.0.27.jar:/home/romulogurgeldev/.m2/repository/org/apache/pdfbox/fontbox/2.0.27/fontbox-2.0.27.jar:/home/romulogurgeldev/.m2/repository/commons-logging/commons-logging/1.2/commons-logging-1.2.jar:/home/romulogurgeldev/.m2/repository/org/apache/commons/commons-compress/1.21/commons-compress-1.21.jar:/home/romulogurgeldev/.m2/repository/org/springdoc/springdoc-openapi-ui/1.6.14/springdoc-openapi-ui-1.6.14.jar:/home/romulogurgeldev/.m2/repository/org/springdoc/springdoc-openapi-webmvc-core/1.6.14/springdoc-openapi-webmvc-core-1.6.14.jar:/home/romulogurgeldev/.m2/repository/org/springdoc/springdoc-openapi-common/1.6.14/springdoc-openapi-common-1.6.14.jar:/home/romulogurgeldev/.m2/repository/io/swagger/core/v3/swagger-core/2.2.7/swagger-core-2.2.7.jar:/home/romulogurgeldev/.m2/repository/org/apache/commons/commons-lang3/3.17.0/commons-lang3-3.17.0.jar:/home/romulogurgeldev/.m2/repository/com/fasterxml/jackson/dataformat/jackson-dataformat-yaml/2.18.3/jackson-dataformat-yaml-2.18.3.jar:/home/romulogurgeldev/.m2/repository/io/swagger/core/v3/swagger-annotations/2.2.7/swagger-annotations-2.2.7.jar:/home/romulogurgeldev/.m2/repository/io/swagger/core/v3/swagger-models/2.2.7/swagger-models-2.2.7.jar:/home/romulogurgeldev/.m2/repository/org/webjars/swagger-ui/4.15.5/swagger-ui-4.15.5.jar:/home/romulogurgeldev/.m2/repository/org/webjars/webjars-locator-core/0.59/webjars-locator-core-0.59.jar:/home/romulogurgeldev/.m2/repository/com/fasterxml/jackson/core/jackson-core/2.18.3/jackson-core-2.18.3.jar:/home/romulogurgeldev/.m2/repository/io/github/classgraph/classgraph/4.8.149/classgraph-4.8.149.jar:/home/romulogurgeldev/.m2/repository/org/springframework/boot/spring-boot-starter-test/3.4.4/spring-boot-starter-test-3.4.4.jar:/home/romulogurgeldev/.m2/repository/org/springframework/boot/spring-boot-test/3.4.4/spring-boot-test-3.4.4.jar:/home/romulogurgeldev/.m2/repository/org/springframework/boot/spring-boot-test-autoconfigure/3.4.4/spring-boot-test-autoconfigure-3.4.4.jar:/home/romulogurgeldev/.m2/repository/com/jayway/jsonpath/json-path/2.9.0/json-path-2.9.0.jar:/home/romulogurgeldev/.m2/repository/jakarta/xml/bind/jakarta.xml.bind-api/4.0.2/jakarta.xml.bind-api-4.0.2.jar:/home/romulogurgeldev/.m2/repository/jakarta/activation/jakarta.activation-api/2.1.3/jakarta.activation-api-2.1.3.jar:/home/romulogurgeldev/.m2/repository/net/minidev/json-smart/2.5.2/json-smart-2.5.2.jar:/home/romulogurgeldev/.m2/repository/net/minidev/accessors-smart/2.5.2/accessors-smart-2.5.2.jar:/home/romulogurgeldev/.m2/repository/org/ow2/asm/asm/9.7.1/asm-9.7.1.jar:/home/romulogurgeldev/.m2/repository/org/assertj/assertj-core/3.26.3/assertj-core-3.26.3.jar:/home/romulogurgeldev/.m2/repository/org/awaitility/awaitility/4.2.2/awaitility-4.2.2.jar:/home/romulogurgeldev/.m2/repository/org/hamcrest/hamcrest/2.2/hamcrest-2.2.jar:/home/romulogurgeldev/.m2/repository/org/junit/jupiter/junit-jupiter/5.11.4/junit-jupiter-5.11.4.jar:/home/romulogurgeldev/.m2/repository/org/junit/jupiter/junit-jupiter-api/5.11.4/junit-jupiter-api-5.11.4.jar:/home/romulogurgeldev/.m2/repository/org/opentest4j/opentest4j/1.3.0/opentest4j-1.3.0.jar:/home/romulogurgeldev/.m2/repository/org/junit/platform/junit-platform-commons/1.11.4/junit-platform-commons-1.11.4.jar:/home/romulogurgeldev/.m2/repository/org/apiguardian/apiguardian-api/1.1.2/apiguardian-api-1.1.2.jar:/home/romulogurgeldev/.m2/repository/org/junit/jupiter/junit-jupiter-params/5.11.4/junit-jupiter-params-5.11.4.jar:/home/romulogurgeldev/.m2/repository/org/junit/jupiter/junit-jupiter-engine/5.11.4/junit-jupiter-engine-5.11.4.jar:/home/romulogurgeldev/.m2/repository/org/junit/platform/junit-platform-engine/1.11.4/junit-platform-engine-1.11.4.jar:/home/romulogurgeldev/.m2/repository/org/mockito/mockito-core/5.14.2/mockito-core-5.14.2.jar:/home/romulogurgeldev/.m2/repository/net/bytebuddy/byte-buddy-agent/1.15.11/byte-buddy-agent-1.15.11.jar:/home/romulogurgeldev/.m2/repository/org/objenesis/objenesis/3.3/objenesis-3.3.jar:/home/romulogurgeldev/.m2/repository/org/mockito/mockito-junit-jupiter/5.14.2/mockito-junit-jupiter-5.14.2.jar:/home/romulogurgeldev/.m2/repository/org/skyscreamer/jsonassert/1.5.3/jsonassert-1.5.3.jar:/home/romulogurgeldev/.m2/repository/com/vaadin/external/google/android-json/0.0.20131108.vaadin1/android-json-0.0.20131108.vaadin1.jar:/home/romulogurgeldev/.m2/repository/org/springframework/spring-core/6.2.5/spring-core-6.2.5.jar:/home/romulogurgeldev/.m2/repository/org/springframework/spring-jcl/6.2.5/spring-jcl-6.2.5.jar:/home/romulogurgeldev/.m2/repository/org/springframework/spring-test/6.2.5/spring-test-6.2.5.jar:/home/romulogurgeldev/.m2/repository/org/xmlunit/xmlunit-core/2.10.0/xmlunit-core-2.10.0.jar:/home/romulogurgeldev/.m2/repository/org/hibernate/validator/hibernate-validator/6.2.0.Final/hibernate-validator-6.2.0.Final.jar:/home/romulogurgeldev/.m2/repository/jakarta/validation/jakarta.validation-api/3.0.2/jakarta.validation-api-3.0.2.jar:/home/romulogurgeldev/.m2/repository/org/jboss/logging/jboss-logging/3.6.1.Final/jboss-logging-3.6.1.Final.jar:/home/romulogurgeldev/.m2/repository/com/fasterxml/classmate/1.7.0/classmate-1.7.0.jar:"/>
    <property name="sun.cpu.endian" value="little"/>
    <property name="user.home" value="/home/romulogurgeldev"/>
    <property name="user.language" value="pt"/>
    <property name="java.specification.vendor" value="Oracle Corporation"/>
    <property name="java.version.date" value="2025-01-21"/>
    <property name="java.home" value="/usr/lib/jvm/java-21-openjdk-amd64"/>
    <property name="file.separator" value="/"/>
    <property name="basedir" value="/home/romulogurgeldev/Projects/ans-data-processing/backend"/>
    <property name="java.vm.compressedOopsMode" value="32-bit"/>
    <property name="line.separator" value="&#10;"/>
    <property name="java.vm.specification.vendor" value="Oracle Corporation"/>
    <property name="java.specification.name" value="Java Platform API Specification"/>
    <property name="FILE_LOG_CHARSET" value="UTF-8"/>
    <property name="java.awt.headless" value="true"/>
    <property name="surefire.real.class.path" value="/home/romulogurgeldev/Projects/ans-data-processing/backend/target/surefire/surefirebooter-20250401112257277_3.jar"/>
    <property name="sun.management.compiler" value="HotSpot 64-Bit Tiered Compilers"/>
    <property name="java.runtime.version" value="21.0.6+7-Ubuntu-124.04.1"/>
    <property name="user.name" value="romulogurgeldev"/>
    <property name="stdout.encoding" value="UTF-8"/>
    <property name="path.separator" value=":"/>
    <property name="os.version" value="6.11.0-19-generic"/>
    <property name="java.runtime.name" value="OpenJDK Runtime Environment"/>
    <property name="file.encoding" value="UTF-8"/>
    <property name="sun.net.http.allowRestrictedHeaders" value="true"/>
    <property name="java.vm.name" value="OpenJDK 64-Bit Server VM"/>
    <property name="localRepository" value="/home/romulogurgeldev/.m2/repository"/>
    <property name="java.vendor.url.bug" value="https://bugs.launchpad.net/ubuntu/+source/openjdk-21"/>
    <property name="java.io.tmpdir" value="/tmp"/>
    <property name="com.zaxxer.hikari.pool_number" value="2"/>
    <property name="java.version" value="21.0.6"/>
    <property name="user.dir" value="/home/romulogurgeldev/Projects/ans-data-processing/backend"/>
    <property name="os.arch" value="amd64"/>
    <property name="java.vm.specification.name" value="Java Virtual Machine Specification"/>
    <property name="PID" value="63189"/>
    <property name="CONSOLE_LOG_CHARSET" value="UTF-8"/>
    <property name="native.encoding" value="UTF-8"/>
    <property name="java.library.path" value="/usr/java/packages/lib:/usr/lib/x86_64-linux-gnu/jni:/lib/x86_64-linux-gnu:/usr/lib/x86_64-linux-gnu:/usr/lib/jni:/lib:/usr/lib"/>
    <property name="java.vm.info" value="mixed mode, sharing"/>
    <property name="stderr.encoding" value="UTF-8"/>
    <property name="java.vendor" value="Ubuntu"/>
    <property name="java.vm.version" value="21.0.6+7-Ubuntu-124.04.1"/>
    <property name="sun.io.unicode.encoding" value="UnicodeLittle"/>
    <property name="java.class.version" value="65.0"/>
    <property name="CONSOLE_LOG_PATTERN" value="%d{yyyy-MM-dd HH:mm:ss} [%thread] %-5level %logger{36} - %msg%n"/>
    <property name="LOGGED_APPLICATION_NAME" value="[ans-data-processing] "/>
  </properties>
  <testcase name="searchOperators_shouldReturnEmptyList_whenNoResults" classname="com.example.scraper.controller.OperatorControllerTest" time="0.324">
    <system-out><![CDATA[2025-04-01 11:23:08 [main] INFO  o.s.t.c.s.AnnotationConfigContextLoaderUtils - Could not detect default configuration classes for test class [com.example.scraper.controller.OperatorControllerTest]: OperatorControllerTest does not declare any static, non-private, non-final, nested classes annotated with @Configuration.
2025-04-01 11:23:08 [main] INFO  o.s.b.t.c.SpringBootTestContextBootstrapper - Found @SpringBootConfiguration com.example.scraper.ScraperApplication for test class com.example.scraper.controller.OperatorControllerTest

  .   ____          _            __ _ _
 /\\ / ___'_ __ _ _(_)_ __  __ _ \ \ \ \
( ( )\___ | '_ | '_| | '_ \/ _` | \ \ \ \
 \\/  ___)| |_)| | | | | || (_| |  ) ) ) )
  '  |____| .__|_| |_|_| |_\__, | / / / /
 =========|_|==============|___/=/_/_/_/

 :: Spring Boot ::                (v3.4.4)

2025-04-01 11:23:08 [main] INFO  c.e.s.c.OperatorControllerTest - Starting OperatorControllerTest using Java 21.0.6 with PID 63189 (started by romulogurgeldev in /home/romulogurgeldev/Projects/ans-data-processing/backend)
2025-04-01 11:23:08 [main] INFO  c.e.s.c.OperatorControllerTest - The following 1 profile is active: "default"
2025-04-01 11:23:09 [main] INFO  o.s.d.r.c.RepositoryConfigurationDelegate - Bootstrapping Spring Data JPA repositories in DEFAULT mode.
2025-04-01 11:23:09 [main] INFO  o.s.d.r.c.RepositoryConfigurationDelegate - Finished Spring Data repository scanning in 5 ms. Found 0 JPA repository interfaces.
2025-04-01 11:23:10 [main] INFO  o.h.jpa.internal.util.LogHelper - HHH000204: Processing PersistenceUnitInfo [name: default]
2025-04-01 11:23:10 [main] INFO  o.h.c.i.RegionFactoryInitiator - HHH000026: Second-level cache disabled
2025-04-01 11:23:10 [main] INFO  o.s.o.j.p.SpringPersistenceUnitInfo - No LoadTimeWeaver setup: ignoring JPA class transformer
2025-04-01 11:23:10 [main] INFO  com.zaxxer.hikari.HikariDataSource - HikariPool-2 - Starting...
2025-04-01 11:23:10 [main] INFO  com.zaxxer.hikari.pool.HikariPool - HikariPool-2 - Added connection org.postgresql.jdbc.PgConnection@3c2956a6
2025-04-01 11:23:10 [main] INFO  com.zaxxer.hikari.HikariDataSource - HikariPool-2 - Start completed.
2025-04-01 11:23:10 [main] INFO  o.hibernate.orm.connections.pooling - HHH10001005: Database info:
	Database JDBC URL [Connecting through datasource 'HikariDataSource (HikariPool-2)']
	Database driver: undefined/unknown
	Database version: 16.8
	Autocommit mode: undefined/unknown
	Isolation level: undefined/unknown
	Minimum pool size: undefined/unknown
	Maximum pool size: undefined/unknown
2025-04-01 11:23:10 [main] INFO  o.h.e.t.j.p.i.JtaPlatformInitiator - HHH000489: No JTA platform available (set 'hibernate.transaction.jta.platform' to enable JTA platform integration)
2025-04-01 11:23:10 [main] INFO  o.s.o.j.LocalContainerEntityManagerFactoryBean - Initialized JPA EntityManagerFactory for persistence unit 'default'
2025-04-01 11:23:11 [main] WARN  o.s.b.a.o.j.JpaBaseConfiguration$JpaWebConfiguration - spring.jpa.open-in-view is enabled by default. Therefore, database queries may be performed during view rendering. Explicitly configure spring.jpa.open-in-view to disable this warning
2025-04-01 11:23:11 [main] INFO  o.s.v.b.OptionalValidatorFactoryBean - Failed to set up a Bean Validation provider: jakarta.validation.NoProviderFoundException: Unable to create a Configuration, because no Jakarta Bean Validation provider could be found. Add a provider like Hibernate Validator (RI) to your classpath.
2025-04-01 11:23:14 [main] INFO  o.s.b.t.m.w.SpringBootMockServletContext - Initializing Spring TestDispatcherServlet ''
2025-04-01 11:23:14 [main] INFO  o.s.t.w.s.TestDispatcherServlet - Initializing Servlet ''
2025-04-01 11:23:14 [main] INFO  o.s.b.a.e.web.EndpointLinksResolver - Exposing 4 endpoints beneath base path '/actuator'
2025-04-01 11:23:14 [main] INFO  o.s.t.w.s.TestDispatcherServlet - Completed initialization in 63 ms
2025-04-01 11:23:14 [main] INFO  c.e.s.c.OperatorControllerTest - Started OperatorControllerTest in 5.914 seconds (process running for 16.914)
]]></system-out>
  </testcase>
  <testcase name="searchOperators_shouldReturnOperators_whenQueryMatches" classname="com.example.scraper.controller.OperatorControllerTest" time="0.029">
    <failure message="JSON path &quot;$&quot;&#10;Expected: a collection with size &lt;1&gt;&#10;     but: collection size was &lt;0&gt;" type="java.lang.AssertionError"><![CDATA[java.lang.AssertionError: 
JSON path "$"
Expected: a collection with size <1>
     but: collection size was <0>
	at org.hamcrest.MatcherAssert.assertThat(MatcherAssert.java:20)
	at org.springframework.test.util.JsonPathExpectationsHelper.assertValue(JsonPathExpectationsHelper.java:107)
	at org.springframework.test.web.servlet.result.JsonPathResultMatchers.lambda$value$0(JsonPathResultMatchers.java:88)
	at org.springframework.test.web.servlet.MockMvc$1.andExpect(MockMvc.java:214)
	at com.example.scraper.controller.OperatorControllerTest.searchOperators_shouldReturnOperators_whenQueryMatches(OperatorControllerTest.java:59)
	at java.base/java.lang.reflect.Method.invoke(Method.java:580)
	at java.base/java.util.ArrayList.forEach(ArrayList.java:1596)
	at java.base/java.util.ArrayList.forEach(ArrayList.java:1596)
]]></failure>
    <system-out><![CDATA[
MockHttpServletRequest:
      HTTP Method = GET
      Request URI = /api/operators/search
       Parameters = {query=[test]}
          Headers = []
             Body = null
    Session Attrs = {}

Handler:
             Type = com.example.scraper.controller.OperatorController
           Method = com.example.scraper.controller.OperatorController#searchOperators(String)

Async:
    Async started = false
     Async result = null

Resolved Exception:
             Type = null

ModelAndView:
        View name = null
             View = null
            Model = null

FlashMap:
       Attributes = null

MockHttpServletResponse:
           Status = 200
    Error message = null
          Headers = [Vary:"Origin", "Access-Control-Request-Method", "Access-Control-Request-Headers", Content-Type:"application/json"]
     Content type = application/json
             Body = []
    Forwarded URL = null
   Redirected URL = null
          Cookies = []
]]></system-out>
  </testcase>
  <testcase name="searchOperators_shouldReturnBadRequest_whenQueryTooShort(String)[1]" classname="com.example.scraper.controller.OperatorControllerTest" time="0.034"/>
  <testcase name="searchOperators_shouldReturnBadRequest_whenQueryTooShort(String)[2]" classname="com.example.scraper.controller.OperatorControllerTest" time="0.021"/>
  <testcase name="searchOperators_shouldReturnInternalError_whenDatabaseFails" classname="com.example.scraper.controller.OperatorControllerTest" time="0.027">
    <failure message="Status expected:&lt;500&gt; but was:&lt;200&gt;" type="java.lang.AssertionError"><![CDATA[java.lang.AssertionError: Status expected:<500> but was:<200>
	at org.springframework.test.util.AssertionErrors.fail(AssertionErrors.java:61)
	at org.springframework.test.util.AssertionErrors.assertEquals(AssertionErrors.java:128)
	at org.springframework.test.web.servlet.result.StatusResultMatchers.lambda$matcher$9(StatusResultMatchers.java:640)
	at org.springframework.test.web.servlet.MockMvc$1.andExpect(MockMvc.java:214)
	at com.example.scraper.controller.OperatorControllerTest.searchOperators_shouldReturnInternalError_whenDatabaseFails(OperatorControllerTest.java:97)
	at java.base/java.lang.reflect.Method.invoke(Method.java:580)
	at java.base/java.util.ArrayList.forEach(ArrayList.java:1596)
	at java.base/java.util.ArrayList.forEach(ArrayList.java:1596)
]]></failure>
    <system-out><![CDATA[
MockHttpServletRequest:
      HTTP Method = GET
      Request URI = /api/operators/search
       Parameters = {query=[error]}
          Headers = []
             Body = null
    Session Attrs = {}

Handler:
             Type = com.example.scraper.controller.OperatorController
           Method = com.example.scraper.controller.OperatorController#searchOperators(String)

Async:
    Async started = false
     Async result = null

Resolved Exception:
             Type = null

ModelAndView:
        View name = null
             View = null
            Model = null

FlashMap:
       Attributes = null

MockHttpServletResponse:
           Status = 200
    Error message = null
          Headers = [Vary:"Origin", "Access-Control-Request-Method", "Access-Control-Request-Headers", Content-Type:"application/json"]
     Content type = application/json
             Body = []
    Forwarded URL = null
   Redirected URL = null
          Cookies = []
]]></system-out>
  </testcase>
</testsuite>